<?xml version="1.0" encoding="UTF-8"?>
<!-- Generated by org.testng.reporters.JUnitReportReporter -->
<testsuite hostname="JAYGANESH-PC" name="com.Qsptech1.Projectname.Modulename.ReadingDataFromXlsx" tests="1" failures="0" timestamp="8 Sep 2019 08:03:25 GMT" time="0.000" errors="0">
  <testcase name="readingdatafromxlsx" time="0.000" classname="com.Qsptech1.Projectname.Modulename.ReadingDataFromXlsx"/>
</testsuite> <!-- com.Qsptech1.Projectname.Modulename.ReadingDataFromXlsx -->
