<?xml version="1.0" encoding="UTF-8"?>
<!-- Generated by org.testng.reporters.JUnitReportReporter -->
<testsuite hostname="JAYGANESH-PC" name="testcase.Test1" tests="1" failures="0" timestamp="16 Sep 2019 08:25:00 GMT" time="20.604" errors="0">
  <testcase name="logintoappication" time="20.604" classname="testcase.Test1"/>
</testsuite> <!-- testcase.Test1 -->
