<?xml version="1.0" encoding="UTF-8"?>
<!-- Generated by org.testng.reporters.JUnitReportReporter -->
<testsuite hostname="JAYGANESH-PC" name="testcase.ReadingDataFromXlxs" tests="1" failures="0" timestamp="9 Sep 2019 05:31:15 GMT" time="0.010" errors="0">
  <testcase name="readingdatafromxlxs" time="0.010" classname="testcase.ReadingDataFromXlxs"/>
</testsuite> <!-- testcase.ReadingDataFromXlxs -->
