<?xml version="1.0" encoding="UTF-8"?>
<!-- Generated by org.testng.reporters.JUnitReportReporter -->
<testsuite hostname="JAYGANESH-PC" name="testcase.TC001_Create_an_Account4" tests="1" failures="0" timestamp="30 Sep 2019 17:59:48 GMT" time="0.001" errors="1">
  <testcase name="TC001_Create_An_Account4" time="0.001" classname="testcase.TC001_Create_an_Account4"/>
</testsuite> <!-- testcase.TC001_Create_an_Account4 -->
