<?xml version="1.0" encoding="UTF-8"?>
<!-- Generated by org.testng.reporters.JUnitReportReporter -->
<testsuite hostname="JAYGANESH-PC" name="com.Qsptech1.Projectname.Modulename.TestMaven" tests="1" failures="0" timestamp="5 Sep 2019 06:47:11 GMT" time="0.013" errors="0">
  <testcase name="TestMaven" time="0.013" classname="com.Qsptech1.Projectname.Modulename.TestMaven"/>
</testsuite> <!-- com.Qsptech1.Projectname.Modulename.TestMaven -->
