<?xml version="1.0" encoding="UTF-8"?>
<!-- Generated by org.testng.reporters.JUnitReportReporter -->
<testsuite hostname="JAYGANESH-PC" name="testcase.TC001_Create_an_Account" tests="1" failures="0" timestamp="30 Sep 2019 19:24:33 GMT" time="20.721" errors="0">
  <testcase name="TC001_Create_An_Account" time="20.721" classname="testcase.TC001_Create_an_Account"/>
</testsuite> <!-- testcase.TC001_Create_an_Account -->
