<?xml version="1.0" encoding="UTF-8"?>
<!-- Generated by org.testng.reporters.JUnitReportReporter -->
<testsuite hostname="JAYGANESH-PC" name="testcase.Testassert" tests="1" failures="0" timestamp="23 Sep 2019 08:40:25 GMT" time="0.017" errors="0">
  <testcase name="Asserttestclass" time="0.017" classname="testcase.Testassert"/>
</testsuite> <!-- testcase.Testassert -->
