<?xml version="1.0" encoding="UTF-8"?>
<!-- Generated by org.testng.reporters.JUnitReportReporter -->
<testsuite hostname="JAYGANESH-PC" name="testcase.TestFblogin" tests="1" failures="0" timestamp="19 Sep 2019 07:05:35 GMT" time="14.922" errors="0">
  <testcase name="TestFbLogin" time="14.922" classname="testcase.TestFblogin"/>
</testsuite> <!-- testcase.TestFblogin -->
